{"C:\\Users\\faraa\\OneDrive\\Desktop\\full-stack-open-helsinki\\notesapp_frontend_deployment\\src\\App.jsx": {"path":"C:\\Users\\faraa\\OneDrive\\Desktop\\full-stack-open-helsinki\\notesapp_frontend_deployment\\src\\App.jsx","statementMap":{"0":{"start":{"line":10,"column":15},"end":{"line":23,"column":1}},"1":{"start":{"line":11,"column":22},"end":{"line":15,"column":3}},"2":{"start":{"line":17,"column":2},"end":{"line":22,"column":3}},"3":{"start":{"line":25,"column":12},"end":{"line":160,"column":1}},"4":{"start":{"line":26,"column":28},"end":{"line":26,"column":40}},"5":{"start":{"line":27,"column":32},"end":{"line":27,"column":46}},"6":{"start":{"line":28,"column":42},"end":{"line":28,"column":56}},"7":{"start":{"line":29,"column":34},"end":{"line":29,"column":46}},"8":{"start":{"line":30,"column":34},"end":{"line":30,"column":46}},"9":{"start":{"line":31,"column":26},"end":{"line":31,"column":40}},"10":{"start":{"line":33,"column":2},"end":{"line":39,"column":8}},"11":{"start":{"line":34,"column":4},"end":{"line":38,"column":8}},"12":{"start":{"line":37,"column":8},"end":{"line":37,"column":30}},"13":{"start":{"line":41,"column":2},"end":{"line":48,"column":8}},"14":{"start":{"line":42,"column":27},"end":{"line":42,"column":75}},"15":{"start":{"line":43,"column":4},"end":{"line":47,"column":5}},"16":{"start":{"line":44,"column":19},"end":{"line":44,"column":45}},"17":{"start":{"line":45,"column":6},"end":{"line":45,"column":19}},"18":{"start":{"line":46,"column":6},"end":{"line":46,"column":38}},"19":{"start":{"line":50,"column":18},"end":{"line":57,"column":3}},"20":{"start":{"line":51,"column":4},"end":{"line":51,"column":42}},"21":{"start":{"line":52,"column":4},"end":{"line":56,"column":8}},"22":{"start":{"line":55,"column":8},"end":{"line":55,"column":44}},"23":{"start":{"line":59,"column":29},"end":{"line":79,"column":3}},"24":{"start":{"line":60,"column":17},"end":{"line":60,"column":45}},"25":{"start":{"line":60,"column":33},"end":{"line":60,"column":44}},"26":{"start":{"line":61,"column":24},"end":{"line":61,"column":63}},"27":{"start":{"line":63,"column":4},"end":{"line":78,"column":8}},"28":{"start":{"line":66,"column":8},"end":{"line":66,"column":73}},"29":{"start":{"line":66,"column":35},"end":{"line":66,"column":71}},"30":{"start":{"line":69,"column":8},"end":{"line":69,"column":26}},"31":{"start":{"line":70,"column":8},"end":{"line":72,"column":9}},"32":{"start":{"line":73,"column":8},"end":{"line":75,"column":16}},"33":{"start":{"line":74,"column":10},"end":{"line":74,"column":31}},"34":{"start":{"line":77,"column":8},"end":{"line":77,"column":48}},"35":{"start":{"line":77,"column":35},"end":{"line":77,"column":46}},"36":{"start":{"line":81,"column":22},"end":{"line":83,"column":51}},"37":{"start":{"line":83,"column":27},"end":{"line":83,"column":50}},"38":{"start":{"line":85,"column":22},"end":{"line":107,"column":3}},"39":{"start":{"line":86,"column":4},"end":{"line":86,"column":26}},"40":{"start":{"line":88,"column":4},"end":{"line":106,"column":5}},"41":{"start":{"line":89,"column":19},"end":{"line":91,"column":8}},"42":{"start":{"line":93,"column":6},"end":{"line":95,"column":7}},"43":{"start":{"line":97,"column":6},"end":{"line":97,"column":38}},"44":{"start":{"line":98,"column":6},"end":{"line":98,"column":19}},"45":{"start":{"line":99,"column":6},"end":{"line":99,"column":21}},"46":{"start":{"line":100,"column":6},"end":{"line":100,"column":21}},"47":{"start":{"line":102,"column":6},"end":{"line":102,"column":42}},"48":{"start":{"line":103,"column":6},"end":{"line":105,"column":14}},"49":{"start":{"line":104,"column":8},"end":{"line":104,"column":29}},"50":{"start":{"line":109,"column":22},"end":{"line":109,"column":30}},"51":{"start":{"line":110,"column":19},"end":{"line":114,"column":3}},"52":{"start":{"line":111,"column":4},"end":{"line":113,"column":16}},"53":{"start":{"line":116,"column":20},"end":{"line":126,"column":3}},"54":{"start":{"line":117,"column":4},"end":{"line":125,"column":16}},"55":{"start":{"line":121,"column":46},"end":{"line":121,"column":71}},"56":{"start":{"line":122,"column":46},"end":{"line":122,"column":71}},"57":{"start":{"line":128,"column":2},"end":{"line":159,"column":3}},"58":{"start":{"line":142,"column":31},"end":{"line":142,"column":51}},"59":{"start":{"line":148,"column":10},"end":{"line":152,"column":12}},"60":{"start":{"line":151,"column":36},"end":{"line":151,"column":63}}},"fnMap":{"0":{"name":"(anonymous_0)","decl":{"start":{"line":10,"column":15},"end":{"line":10,"column":16}},"loc":{"start":{"line":10,"column":21},"end":{"line":23,"column":1}},"line":10},"1":{"name":"(anonymous_1)","decl":{"start":{"line":25,"column":12},"end":{"line":25,"column":13}},"loc":{"start":{"line":25,"column":18},"end":{"line":160,"column":1}},"line":25},"2":{"name":"(anonymous_2)","decl":{"start":{"line":33,"column":12},"end":{"line":33,"column":13}},"loc":{"start":{"line":33,"column":18},"end":{"line":39,"column":3}},"line":33},"3":{"name":"(anonymous_3)","decl":{"start":{"line":36,"column":12},"end":{"line":36,"column":13}},"loc":{"start":{"line":36,"column":28},"end":{"line":38,"column":7}},"line":36},"4":{"name":"(anonymous_4)","decl":{"start":{"line":41,"column":12},"end":{"line":41,"column":13}},"loc":{"start":{"line":41,"column":18},"end":{"line":48,"column":3}},"line":41},"5":{"name":"(anonymous_5)","decl":{"start":{"line":50,"column":18},"end":{"line":50,"column":19}},"loc":{"start":{"line":50,"column":34},"end":{"line":57,"column":3}},"line":50},"6":{"name":"(anonymous_6)","decl":{"start":{"line":54,"column":12},"end":{"line":54,"column":13}},"loc":{"start":{"line":54,"column":28},"end":{"line":56,"column":7}},"line":54},"7":{"name":"(anonymous_7)","decl":{"start":{"line":59,"column":29},"end":{"line":59,"column":30}},"loc":{"start":{"line":59,"column":37},"end":{"line":79,"column":3}},"line":59},"8":{"name":"(anonymous_8)","decl":{"start":{"line":60,"column":28},"end":{"line":60,"column":29}},"loc":{"start":{"line":60,"column":33},"end":{"line":60,"column":44}},"line":60},"9":{"name":"(anonymous_9)","decl":{"start":{"line":65,"column":12},"end":{"line":65,"column":13}},"loc":{"start":{"line":65,"column":28},"end":{"line":67,"column":7}},"line":65},"10":{"name":"(anonymous_10)","decl":{"start":{"line":66,"column":27},"end":{"line":66,"column":28}},"loc":{"start":{"line":66,"column":35},"end":{"line":66,"column":71}},"line":66},"11":{"name":"(anonymous_11)","decl":{"start":{"line":68,"column":13},"end":{"line":68,"column":14}},"loc":{"start":{"line":68,"column":24},"end":{"line":78,"column":7}},"line":68},"12":{"name":"(anonymous_12)","decl":{"start":{"line":73,"column":19},"end":{"line":73,"column":20}},"loc":{"start":{"line":73,"column":25},"end":{"line":75,"column":9}},"line":73},"13":{"name":"(anonymous_13)","decl":{"start":{"line":77,"column":30},"end":{"line":77,"column":31}},"loc":{"start":{"line":77,"column":35},"end":{"line":77,"column":46}},"line":77},"14":{"name":"(anonymous_14)","decl":{"start":{"line":83,"column":19},"end":{"line":83,"column":20}},"loc":{"start":{"line":83,"column":27},"end":{"line":83,"column":50}},"line":83},"15":{"name":"(anonymous_15)","decl":{"start":{"line":85,"column":22},"end":{"line":85,"column":23}},"loc":{"start":{"line":85,"column":39},"end":{"line":107,"column":3}},"line":85},"16":{"name":"(anonymous_16)","decl":{"start":{"line":103,"column":17},"end":{"line":103,"column":18}},"loc":{"start":{"line":103,"column":23},"end":{"line":105,"column":7}},"line":103},"17":{"name":"(anonymous_17)","decl":{"start":{"line":110,"column":19},"end":{"line":110,"column":20}},"loc":{"start":{"line":111,"column":4},"end":{"line":113,"column":16}},"line":111},"18":{"name":"(anonymous_18)","decl":{"start":{"line":116,"column":20},"end":{"line":116,"column":21}},"loc":{"start":{"line":117,"column":4},"end":{"line":125,"column":16}},"line":117},"19":{"name":"(anonymous_19)","decl":{"start":{"line":121,"column":30},"end":{"line":121,"column":31}},"loc":{"start":{"line":121,"column":46},"end":{"line":121,"column":71}},"line":121},"20":{"name":"(anonymous_20)","decl":{"start":{"line":122,"column":30},"end":{"line":122,"column":31}},"loc":{"start":{"line":122,"column":46},"end":{"line":122,"column":71}},"line":122},"21":{"name":"(anonymous_21)","decl":{"start":{"line":142,"column":25},"end":{"line":142,"column":26}},"loc":{"start":{"line":142,"column":31},"end":{"line":142,"column":51}},"line":142},"22":{"name":"(anonymous_22)","decl":{"start":{"line":147,"column":25},"end":{"line":147,"column":26}},"loc":{"start":{"line":148,"column":10},"end":{"line":152,"column":12}},"line":148},"23":{"name":"(anonymous_23)","decl":{"start":{"line":151,"column":30},"end":{"line":151,"column":31}},"loc":{"start":{"line":151,"column":36},"end":{"line":151,"column":63}},"line":151}},"branchMap":{"0":{"loc":{"start":{"line":43,"column":4},"end":{"line":47,"column":5}},"type":"if","locations":[{"start":{"line":43,"column":4},"end":{"line":47,"column":5}},{"start":{},"end":{}}],"line":43},"1":{"loc":{"start":{"line":66,"column":35},"end":{"line":66,"column":71}},"type":"cond-expr","locations":[{"start":{"line":66,"column":52},"end":{"line":66,"column":56}},{"start":{"line":66,"column":59},"end":{"line":66,"column":71}}],"line":66},"2":{"loc":{"start":{"line":81,"column":22},"end":{"line":83,"column":51}},"type":"cond-expr","locations":[{"start":{"line":82,"column":6},"end":{"line":82,"column":11}},{"start":{"line":83,"column":6},"end":{"line":83,"column":51}}],"line":81},"3":{"loc":{"start":{"line":133,"column":7},"end":{"line":133,"column":27}},"type":"binary-expr","locations":[{"start":{"line":133,"column":7},"end":{"line":133,"column":12}},{"start":{"line":133,"column":16},"end":{"line":133,"column":27}}],"line":133},"4":{"loc":{"start":{"line":134,"column":7},"end":{"line":138,"column":14}},"type":"binary-expr","locations":[{"start":{"line":134,"column":7},"end":{"line":134,"column":11}},{"start":{"line":135,"column":8},"end":{"line":138,"column":14}}],"line":134},"5":{"loc":{"start":{"line":143,"column":16},"end":{"line":143,"column":45}},"type":"cond-expr","locations":[{"start":{"line":143,"column":26},"end":{"line":143,"column":37}},{"start":{"line":143,"column":40},"end":{"line":143,"column":45}}],"line":143}},"s":{"0":0,"1":0,"2":0,"3":0,"4":0,"5":0,"6":0,"7":0,"8":0,"9":0,"10":0,"11":0,"12":0,"13":0,"14":0,"15":0,"16":0,"17":0,"18":0,"19":0,"20":0,"21":0,"22":0,"23":0,"24":0,"25":0,"26":0,"27":0,"28":0,"29":0,"30":0,"31":0,"32":0,"33":0,"34":0,"35":0,"36":0,"37":0,"38":0,"39":0,"40":0,"41":0,"42":0,"43":0,"44":0,"45":0,"46":0,"47":0,"48":0,"49":0,"50":0,"51":0,"52":0,"53":0,"54":0,"55":0,"56":0,"57":0,"58":0,"59":0,"60":0},"f":{"0":0,"1":0,"2":0,"3":0,"4":0,"5":0,"6":0,"7":0,"8":0,"9":0,"10":0,"11":0,"12":0,"13":0,"14":0,"15":0,"16":0,"17":0,"18":0,"19":0,"20":0,"21":0,"22":0,"23":0},"b":{"0":[0,0],"1":[0,0],"2":[0,0],"3":[0,0],"4":[0,0],"5":[0,0]}}
,"C:\\Users\\faraa\\OneDrive\\Desktop\\full-stack-open-helsinki\\notesapp_frontend_deployment\\src\\main.jsx": {"path":"C:\\Users\\faraa\\OneDrive\\Desktop\\full-stack-open-helsinki\\notesapp_frontend_deployment\\src\\main.jsx","statementMap":{"0":{"start":{"line":5,"column":0},"end":{"line":5,"column":68}}},"fnMap":{},"branchMap":{},"s":{"0":0},"f":{},"b":{}}
,"C:\\Users\\faraa\\OneDrive\\Desktop\\full-stack-open-helsinki\\notesapp_frontend_deployment\\src\\components\\LoginForm.jsx": {"path":"C:\\Users\\faraa\\OneDrive\\Desktop\\full-stack-open-helsinki\\notesapp_frontend_deployment\\src\\components\\LoginForm.jsx","statementMap":{"0":{"start":{"line":3,"column":18},"end":{"line":35,"column":1}},"1":{"start":{"line":10,"column":2},"end":{"line":34,"column":8}},"2":{"start":{"line":37,"column":0},"end":{"line":43,"column":1}}},"fnMap":{"0":{"name":"(anonymous_0)","decl":{"start":{"line":3,"column":18},"end":{"line":3,"column":19}},"loc":{"start":{"line":10,"column":2},"end":{"line":34,"column":8}},"line":10}},"branchMap":{},"s":{"0":0,"1":0,"2":0},"f":{"0":0},"b":{}}
,"C:\\Users\\faraa\\OneDrive\\Desktop\\full-stack-open-helsinki\\notesapp_frontend_deployment\\src\\components\\Note.jsx": {"path":"C:\\Users\\faraa\\OneDrive\\Desktop\\full-stack-open-helsinki\\notesapp_frontend_deployment\\src\\components\\Note.jsx","statementMap":{"0":{"start":{"line":1,"column":13},"end":{"line":11,"column":1}},"1":{"start":{"line":2,"column":16},"end":{"line":3,"column":45}},"2":{"start":{"line":5,"column":2},"end":{"line":10,"column":3}}},"fnMap":{"0":{"name":"(anonymous_0)","decl":{"start":{"line":1,"column":13},"end":{"line":1,"column":14}},"loc":{"start":{"line":1,"column":45},"end":{"line":11,"column":1}},"line":1}},"branchMap":{"0":{"loc":{"start":{"line":2,"column":16},"end":{"line":3,"column":45}},"type":"cond-expr","locations":[{"start":{"line":3,"column":6},"end":{"line":3,"column":26}},{"start":{"line":3,"column":29},"end":{"line":3,"column":45}}],"line":2}},"s":{"0":1,"1":1,"2":1},"f":{"0":1},"b":{"0":[1,0]},"_coverageSchema":"1a1c01bbd47fc00a2c39e90264f33305004495a9","hash":"c397196b7d210c5b35b36b5dcc09c080463cd744"}
,"C:\\Users\\faraa\\OneDrive\\Desktop\\full-stack-open-helsinki\\notesapp_frontend_deployment\\src\\components\\NoteForm.jsx": {"path":"C:\\Users\\faraa\\OneDrive\\Desktop\\full-stack-open-helsinki\\notesapp_frontend_deployment\\src\\components\\NoteForm.jsx","statementMap":{"0":{"start":{"line":3,"column":17},"end":{"line":34,"column":1}},"1":{"start":{"line":4,"column":32},"end":{"line":4,"column":44}},"2":{"start":{"line":6,"column":23},"end":{"line":8,"column":3}},"3":{"start":{"line":7,"column":4},"end":{"line":7,"column":34}},"4":{"start":{"line":10,"column":18},"end":{"line":18,"column":3}},"5":{"start":{"line":11,"column":4},"end":{"line":11,"column":26}},"6":{"start":{"line":12,"column":4},"end":{"line":15,"column":6}},"7":{"start":{"line":17,"column":4},"end":{"line":17,"column":18}},"8":{"start":{"line":20,"column":2},"end":{"line":33,"column":3}}},"fnMap":{"0":{"name":"(anonymous_0)","decl":{"start":{"line":3,"column":17},"end":{"line":3,"column":18}},"loc":{"start":{"line":3,"column":37},"end":{"line":34,"column":1}},"line":3},"1":{"name":"(anonymous_1)","decl":{"start":{"line":6,"column":23},"end":{"line":6,"column":24}},"loc":{"start":{"line":6,"column":34},"end":{"line":8,"column":3}},"line":6},"2":{"name":"(anonymous_2)","decl":{"start":{"line":10,"column":18},"end":{"line":10,"column":19}},"loc":{"start":{"line":10,"column":29},"end":{"line":18,"column":3}},"line":10}},"branchMap":{},"s":{"0":1,"1":19,"2":19,"3":17,"4":19,"5":1,"6":1,"7":1,"8":19},"f":{"0":19,"1":17,"2":1},"b":{},"_coverageSchema":"1a1c01bbd47fc00a2c39e90264f33305004495a9","hash":"cee14cc31f25117ad4b3247596cd89cf8405faf9"}
,"C:\\Users\\faraa\\OneDrive\\Desktop\\full-stack-open-helsinki\\notesapp_frontend_deployment\\src\\components\\Notification.jsx": {"path":"C:\\Users\\faraa\\OneDrive\\Desktop\\full-stack-open-helsinki\\notesapp_frontend_deployment\\src\\components\\Notification.jsx","statementMap":{"0":{"start":{"line":1,"column":21},"end":{"line":11,"column":1}},"1":{"start":{"line":2,"column":2},"end":{"line":4,"column":3}},"2":{"start":{"line":3,"column":4},"end":{"line":3,"column":15}},"3":{"start":{"line":6,"column":2},"end":{"line":10,"column":3}}},"fnMap":{"0":{"name":"(anonymous_0)","decl":{"start":{"line":1,"column":21},"end":{"line":1,"column":22}},"loc":{"start":{"line":1,"column":38},"end":{"line":11,"column":1}},"line":1}},"branchMap":{"0":{"loc":{"start":{"line":2,"column":2},"end":{"line":4,"column":3}},"type":"if","locations":[{"start":{"line":2,"column":2},"end":{"line":4,"column":3}},{"start":{},"end":{}}],"line":2}},"s":{"0":0,"1":0,"2":0,"3":0},"f":{"0":0},"b":{"0":[0,0]}}
,"C:\\Users\\faraa\\OneDrive\\Desktop\\full-stack-open-helsinki\\notesapp_frontend_deployment\\src\\components\\Togglable.jsx": {"path":"C:\\Users\\faraa\\OneDrive\\Desktop\\full-stack-open-helsinki\\notesapp_frontend_deployment\\src\\components\\Togglable.jsx","statementMap":{"0":{"start":{"line":4,"column":18},"end":{"line":31,"column":2}},"1":{"start":{"line":5,"column":32},"end":{"line":5,"column":47}},"2":{"start":{"line":7,"column":26},"end":{"line":7,"column":60}},"3":{"start":{"line":8,"column":26},"end":{"line":8,"column":60}},"4":{"start":{"line":10,"column":27},"end":{"line":12,"column":3}},"5":{"start":{"line":11,"column":4},"end":{"line":11,"column":24}},"6":{"start":{"line":14,"column":2},"end":{"line":18,"column":4}},"7":{"start":{"line":15,"column":4},"end":{"line":17,"column":5}},"8":{"start":{"line":20,"column":2},"end":{"line":30,"column":3}},"9":{"start":{"line":33,"column":0},"end":{"line":33,"column":35}},"10":{"start":{"line":35,"column":0},"end":{"line":37,"column":1}}},"fnMap":{"0":{"name":"(anonymous_0)","decl":{"start":{"line":4,"column":29},"end":{"line":4,"column":30}},"loc":{"start":{"line":4,"column":46},"end":{"line":31,"column":1}},"line":4},"1":{"name":"(anonymous_1)","decl":{"start":{"line":10,"column":27},"end":{"line":10,"column":28}},"loc":{"start":{"line":10,"column":33},"end":{"line":12,"column":3}},"line":10},"2":{"name":"(anonymous_2)","decl":{"start":{"line":14,"column":28},"end":{"line":14,"column":29}},"loc":{"start":{"line":14,"column":34},"end":{"line":18,"column":3}},"line":14}},"branchMap":{"0":{"loc":{"start":{"line":7,"column":37},"end":{"line":7,"column":58}},"type":"cond-expr","locations":[{"start":{"line":7,"column":47},"end":{"line":7,"column":53}},{"start":{"line":7,"column":56},"end":{"line":7,"column":58}}],"line":7},"1":{"loc":{"start":{"line":8,"column":37},"end":{"line":8,"column":58}},"type":"cond-expr","locations":[{"start":{"line":8,"column":47},"end":{"line":8,"column":49}},{"start":{"line":8,"column":52},"end":{"line":8,"column":58}}],"line":8}},"s":{"0":1,"1":7,"2":7,"3":7,"4":7,"5":3,"6":7,"7":0,"8":7,"9":1,"10":1},"f":{"0":7,"1":3,"2":0},"b":{"0":[2,5],"1":[2,5]},"_coverageSchema":"1a1c01bbd47fc00a2c39e90264f33305004495a9","hash":"30cf6c813135fae5ba64bb06dabf2511f40cf650"}
,"C:\\Users\\faraa\\OneDrive\\Desktop\\full-stack-open-helsinki\\notesapp_frontend_deployment\\src\\services\\login.js": {"path":"C:\\Users\\faraa\\OneDrive\\Desktop\\full-stack-open-helsinki\\notesapp_frontend_deployment\\src\\services\\login.js","statementMap":{"0":{"start":{"line":2,"column":16},"end":{"line":2,"column":28}},"1":{"start":{"line":4,"column":14},"end":{"line":7,"column":1}},"2":{"start":{"line":5,"column":19},"end":{"line":5,"column":57}},"3":{"start":{"line":6,"column":2},"end":{"line":6,"column":22}}},"fnMap":{"0":{"name":"(anonymous_0)","decl":{"start":{"line":4,"column":14},"end":{"line":4,"column":15}},"loc":{"start":{"line":4,"column":35},"end":{"line":7,"column":1}},"line":4}},"branchMap":{},"s":{"0":0,"1":0,"2":0,"3":0},"f":{"0":0},"b":{}}
,"C:\\Users\\faraa\\OneDrive\\Desktop\\full-stack-open-helsinki\\notesapp_frontend_deployment\\src\\services\\notes.js": {"path":"C:\\Users\\faraa\\OneDrive\\Desktop\\full-stack-open-helsinki\\notesapp_frontend_deployment\\src\\services\\notes.js","statementMap":{"0":{"start":{"line":2,"column":16},"end":{"line":2,"column":28}},"1":{"start":{"line":4,"column":12},"end":{"line":4,"column":16}},"2":{"start":{"line":6,"column":17},"end":{"line":8,"column":1}},"3":{"start":{"line":7,"column":2},"end":{"line":7,"column":30}},"4":{"start":{"line":10,"column":15},"end":{"line":13,"column":1}},"5":{"start":{"line":11,"column":18},"end":{"line":11,"column":36}},"6":{"start":{"line":12,"column":2},"end":{"line":12,"column":48}},"7":{"start":{"line":12,"column":34},"end":{"line":12,"column":47}},"8":{"start":{"line":15,"column":15},"end":{"line":22,"column":1}},"9":{"start":{"line":16,"column":17},"end":{"line":18,"column":3}},"10":{"start":{"line":20,"column":19},"end":{"line":20,"column":63}},"11":{"start":{"line":21,"column":2},"end":{"line":21,"column":22}},"12":{"start":{"line":24,"column":15},"end":{"line":27,"column":1}},"13":{"start":{"line":25,"column":18},"end":{"line":25,"column":58}},"14":{"start":{"line":26,"column":2},"end":{"line":26,"column":48}},"15":{"start":{"line":26,"column":34},"end":{"line":26,"column":47}}},"fnMap":{"0":{"name":"(anonymous_0)","decl":{"start":{"line":6,"column":17},"end":{"line":6,"column":18}},"loc":{"start":{"line":6,"column":29},"end":{"line":8,"column":1}},"line":6},"1":{"name":"(anonymous_1)","decl":{"start":{"line":10,"column":15},"end":{"line":10,"column":16}},"loc":{"start":{"line":10,"column":21},"end":{"line":13,"column":1}},"line":10},"2":{"name":"(anonymous_2)","decl":{"start":{"line":12,"column":22},"end":{"line":12,"column":23}},"loc":{"start":{"line":12,"column":34},"end":{"line":12,"column":47}},"line":12},"3":{"name":"(anonymous_3)","decl":{"start":{"line":15,"column":15},"end":{"line":15,"column":16}},"loc":{"start":{"line":15,"column":34},"end":{"line":22,"column":1}},"line":15},"4":{"name":"(anonymous_4)","decl":{"start":{"line":24,"column":15},"end":{"line":24,"column":16}},"loc":{"start":{"line":24,"column":34},"end":{"line":27,"column":1}},"line":24},"5":{"name":"(anonymous_5)","decl":{"start":{"line":26,"column":22},"end":{"line":26,"column":23}},"loc":{"start":{"line":26,"column":34},"end":{"line":26,"column":47}},"line":26}},"branchMap":{},"s":{"0":0,"1":0,"2":0,"3":0,"4":0,"5":0,"6":0,"7":0,"8":0,"9":0,"10":0,"11":0,"12":0,"13":0,"14":0,"15":0},"f":{"0":0,"1":0,"2":0,"3":0,"4":0,"5":0},"b":{}}
}
